0 info it worked if it ends with ok
1 verbose cli [ 'node', '/usr/local/bin/npm', 'install' ]
2 info using npm@1.4.7
3 info using node@v0.10.26
4 verbose readDependencies using package.json deps
5 verbose install where, deps [ '/Users/bheaton/code/pixelhandler/ember-bucket',
5 verbose install   [ 'bower',
5 verbose install     'broccoli',
5 verbose install     'broccoli-cli',
5 verbose install     'broccoli-coffee',
5 verbose install     'broccoli-dist-es6-module',
5 verbose install     'broccoli-ember-hbs-template-compiler',
5 verbose install     'broccoli-env',
5 verbose install     'broccoli-merge-trees',
5 verbose install     'broccoli-sass',
5 verbose install     'broccoli-static-compiler',
5 verbose install     'grunt',
5 verbose install     'grunt-broccoli',
5 verbose install     'grunt-cli',
5 verbose install     'grunt-contrib-clean',
5 verbose install     'grunt-contrib-testem',
5 verbose install     'matchdep',
5 verbose install     'qunitjs',
5 verbose install     'testem' ] ]
6 info preinstall ember-bucket@0.5.0
7 verbose readDependencies using package.json deps
8 verbose already installed skipping broccoli-cli@0.0.1 /Users/bheaton/code/pixelhandler/ember-bucket
9 verbose already installed skipping bower@^1.3.2 /Users/bheaton/code/pixelhandler/ember-bucket
10 verbose already installed skipping broccoli@^0.9.0 /Users/bheaton/code/pixelhandler/ember-bucket
11 verbose already installed skipping broccoli-coffee@^0.1.0 /Users/bheaton/code/pixelhandler/ember-bucket
12 verbose cache add [ 'broccoli-dist-es6-module@^0.1.8', null ]
13 verbose cache add name=undefined spec="broccoli-dist-es6-module@^0.1.8" args=["broccoli-dist-es6-module@^0.1.8",null]
14 verbose parsed url { protocol: null,
14 verbose parsed url   slashes: null,
14 verbose parsed url   auth: null,
14 verbose parsed url   host: null,
14 verbose parsed url   port: null,
14 verbose parsed url   hostname: null,
14 verbose parsed url   hash: null,
14 verbose parsed url   search: null,
14 verbose parsed url   query: null,
14 verbose parsed url   pathname: 'broccoli-dist-es6-module@^0.1.8',
14 verbose parsed url   path: 'broccoli-dist-es6-module@^0.1.8',
14 verbose parsed url   href: 'broccoli-dist-es6-module@^0.1.8' }
15 verbose cache add name="broccoli-dist-es6-module" spec="^0.1.8" args=["broccoli-dist-es6-module","^0.1.8"]
16 verbose parsed url { protocol: null,
16 verbose parsed url   slashes: null,
16 verbose parsed url   auth: null,
16 verbose parsed url   host: null,
16 verbose parsed url   port: null,
16 verbose parsed url   hostname: null,
16 verbose parsed url   hash: null,
16 verbose parsed url   search: null,
16 verbose parsed url   query: null,
16 verbose parsed url   pathname: '^0.1.8',
16 verbose parsed url   path: '^0.1.8',
16 verbose parsed url   href: '^0.1.8' }
17 verbose addNamed [ 'broccoli-dist-es6-module', '^0.1.8' ]
18 verbose addNamed [ null, '>=0.1.8-0 <0.2.0-0' ]
19 verbose already installed skipping broccoli-ember-hbs-template-compiler@^1.5.0 /Users/bheaton/code/pixelhandler/ember-bucket
20 verbose already installed skipping broccoli-env@0.0.1 /Users/bheaton/code/pixelhandler/ember-bucket
21 silly lockFile ddf8a33f-broccoli-dist-es6-module-0-1-8 broccoli-dist-es6-module@^0.1.8
22 verbose lock broccoli-dist-es6-module@^0.1.8 /Users/bheaton/.npm/ddf8a33f-broccoli-dist-es6-module-0-1-8.lock
23 silly addNameRange { name: 'broccoli-dist-es6-module',
23 silly addNameRange   range: '>=0.1.8-0 <0.2.0-0',
23 silly addNameRange   hasData: false }
24 verbose already installed skipping broccoli-sass@^0.1.3 /Users/bheaton/code/pixelhandler/ember-bucket
25 verbose already installed skipping broccoli-merge-trees@^0.1.3 /Users/bheaton/code/pixelhandler/ember-bucket
26 verbose already installed skipping broccoli-static-compiler@^0.1.4 /Users/bheaton/code/pixelhandler/ember-bucket
27 verbose already installed skipping grunt@^0.4.4 /Users/bheaton/code/pixelhandler/ember-bucket
28 verbose url raw broccoli-dist-es6-module
29 verbose url resolving [ 'https://registry.npmjs.org/', './broccoli-dist-es6-module' ]
30 verbose url resolved https://registry.npmjs.org/broccoli-dist-es6-module
31 info trying registry request attempt 1 at 22:15:27
32 verbose etag "BF1PN7QGXG7FTAFG5TSHPOL6M"
33 http GET https://registry.npmjs.org/broccoli-dist-es6-module
34 verbose already installed skipping grunt-cli@^0.1.13 /Users/bheaton/code/pixelhandler/ember-bucket
35 verbose already installed skipping grunt-broccoli@^0.2.1 /Users/bheaton/code/pixelhandler/ember-bucket
36 verbose already installed skipping grunt-contrib-clean@^0.5.0 /Users/bheaton/code/pixelhandler/ember-bucket
37 verbose already installed skipping grunt-contrib-testem@^0.5.15 /Users/bheaton/code/pixelhandler/ember-bucket
38 verbose already installed skipping matchdep@^0.3.0 /Users/bheaton/code/pixelhandler/ember-bucket
39 verbose already installed skipping qunitjs@1.12.0 /Users/bheaton/code/pixelhandler/ember-bucket
40 verbose already installed skipping testem@^0.6.14 /Users/bheaton/code/pixelhandler/ember-bucket
41 http 304 https://registry.npmjs.org/broccoli-dist-es6-module
42 silly registry.get cb [ 304,
42 silly registry.get   { date: 'Mon, 19 May 2014 05:15:27 GMT',
42 silly registry.get     server: 'Apache',
42 silly registry.get     via: '1.1 varnish',
42 silly registry.get     'last-modified': 'Mon, 19 May 2014 05:15:27 GMT',
42 silly registry.get     'cache-control': 'max-age=1',
42 silly registry.get     etag: '"BF1PN7QGXG7FTAFG5TSHPOL6M"',
42 silly registry.get     'x-served-by': 'cache-lax1421-LAX',
42 silly registry.get     'x-cache': 'MISS',
42 silly registry.get     'x-cache-hits': '0',
42 silly registry.get     'x-timer': 'S1400476527.742115974,VS0,VE72',
42 silly registry.get     vary: 'Accept',
42 silly registry.get     'content-length': '0',
42 silly registry.get     'keep-alive': 'timeout=10, max=50',
42 silly registry.get     connection: 'Keep-Alive' } ]
43 verbose etag broccoli-dist-es6-module from cache
44 silly addNameRange number 2 { name: 'broccoli-dist-es6-module',
44 silly addNameRange   range: '>=0.1.8-0 <0.2.0-0',
44 silly addNameRange   hasData: true }
45 silly addNameRange versions [ 'broccoli-dist-es6-module',
45 silly addNameRange   [ '0.0.1',
45 silly addNameRange     '0.0.2',
45 silly addNameRange     '0.1.0',
45 silly addNameRange     '0.1.1',
45 silly addNameRange     '0.1.2',
45 silly addNameRange     '0.1.3',
45 silly addNameRange     '0.1.4',
45 silly addNameRange     '0.1.5',
45 silly addNameRange     '0.1.6',
45 silly addNameRange     '0.1.7',
45 silly addNameRange     '0.1.8',
45 silly addNameRange     '0.2.0' ] ]
46 verbose addNamed [ 'broccoli-dist-es6-module', '0.1.8' ]
47 verbose addNamed [ '0.1.8', '0.1.8' ]
48 silly lockFile 2f45e19d-broccoli-dist-es6-module-0-1-8 broccoli-dist-es6-module@0.1.8
49 verbose lock broccoli-dist-es6-module@0.1.8 /Users/bheaton/.npm/2f45e19d-broccoli-dist-es6-module-0-1-8.lock
50 silly lockFile 2f45e19d-broccoli-dist-es6-module-0-1-8 broccoli-dist-es6-module@0.1.8
51 silly lockFile 2f45e19d-broccoli-dist-es6-module-0-1-8 broccoli-dist-es6-module@0.1.8
52 silly lockFile ddf8a33f-broccoli-dist-es6-module-0-1-8 broccoli-dist-es6-module@^0.1.8
53 silly lockFile ddf8a33f-broccoli-dist-es6-module-0-1-8 broccoli-dist-es6-module@^0.1.8
54 silly resolved [ { name: 'broccoli-dist-es6-module',
54 silly resolved     version: '0.1.8',
54 silly resolved     description: 'Author in ES6 modules, distribute in cjs, amd, named-amd, and globals',
54 silly resolved     main: 'index.js',
54 silly resolved     scripts: { test: 'mocha test/**/*.spec.js --reporter tap' },
54 silly resolved     author: { name: 'Ryan Florence' },
54 silly resolved     license: 'MIT',
54 silly resolved     dependencies:
54 silly resolved      { 'broccoli-static-compiler': '^0.0.5',
54 silly resolved        'broccoli-concat': 'git://github.com/rpflorence/broccoli-concat#broccoli-dep',
54 silly resolved        extend: '~1.2.1',
54 silly resolved        'broccoli-es6-module-filter': '^0.1.6',
54 silly resolved        'broccoli-transform': '^0.1.1',
54 silly resolved        browserify: '^3.31.2',
54 silly resolved        rsvp: '^3.0.6',
54 silly resolved        through: '^2.3.4' },
54 silly resolved     devDependencies:
54 silly resolved      { mocha: '^1.17.1',
54 silly resolved        broccoli: '^0.2.0',
54 silly resolved        'broccoli-cli': '^0.0.1',
54 silly resolved        shelljs: '^0.2.6' },
54 silly resolved     readme: 'broccoli-dist-es6-module\n========================\n\n[![Build Status](https://travis-ci.org/rpflorence/broccoli-dist-es6-module.png)](https://travis-ci.org/rpflorence/broccoli-dist-es6-module)\n\n![demo](http://recordit.co/D0rmdYb2Vp/gif)\n\nAuthor your library in ES6 modules and distribute in everything under\nthe sun:\n\n- cjs\n- amd\n- amd, named & concatenated\n- globals, concatenated\n\nInstallation\n------------\n\n```sh\n$ npm install broccoli-dist-es6-module\n```\n\nUsage\n-----\n\n```js\n// give it a tree and some options:\nmakeModules(\'broccoli-dist-es6-module\')(tree, {\n  main: \'index\',\n  global: \'MyLib\',\n  packageName: \'my-lib\',\n  shim: {\n    \'jquery\': \'jQuery\'\n  }\n});\n```\n\nSample `Brocfile.js`:\n\n```js\nvar makeModules = require(\'../../index\');\n\nmodule.exports = function(broccoli) {\n\n  // make a tree from your source files\n  var src = broccoli.makeTree(\'lib\');\n\n  return makeModules(tree, {\n\n    // the entry script, and module that becomes the global\n    main: \'index\',\n\n    // will become window.MyLib with the exports from `main`\n    global: \'MyLib\',\n\n    // the prefix for named-amd modules\n    packageName: \'my-lib\',\n\n    // global output only: naive shimming, when the id \'jquery\' is imported,\n    // substitute with `window.jQuery` instead\n    shim: {\n      \'jquery\': \'jQuery\'\n    }\n  });\n\n};\n```\n\nAnd then run broccoli:\n\n```sh\n$ broccoli build dist\n```\n\nOpen up `dist` to see the results.\n\nOptions\n-------\n\n- `main` - the entry script to your package, determines which module\n  exports to your global namespace, also the package that is returned in\n  AMD with `require([\'your-package-name\'])`\n\n- `packageName` - _named-amd_, the name of your package\n  `require([\'your-package-name\'])`;\n\n- `global` - _globals_: the global to attach your `main` module to\n\n- `shim` - _globals_: map import string ids to objects on `window`, see\n  usage above or the examples\n\nNotes\n-----\n\n- This uses the `compatFix` option of the es6-module-transpiler which is\n  not necessarily future proof (but without it we couldn\'t `import\n  jQuery from \'jquery\'`).\n\n- The shimming is really hacky, but its working.\n\n',
54 silly resolved     readmeFilename: 'README.md',
54 silly resolved     _id: 'broccoli-dist-es6-module@0.1.8',
54 silly resolved     _shasum: 'af558b781a0dc1d0331ee52d09a4e97bbbe57d94',
54 silly resolved     _from: 'broccoli-dist-es6-module@^0.1.8',
54 silly resolved     _resolved: 'https://registry.npmjs.org/broccoli-dist-es6-module/-/broccoli-dist-es6-module-0.1.8.tgz' } ]
55 info install broccoli-dist-es6-module@0.1.8 into /Users/bheaton/code/pixelhandler/ember-bucket
56 info installOne broccoli-dist-es6-module@0.1.8
57 info /Users/bheaton/code/pixelhandler/ember-bucket/node_modules/broccoli-dist-es6-module unbuild
58 verbose tar unpack /Users/bheaton/.npm/broccoli-dist-es6-module/0.1.8/package.tgz
59 silly lockFile af5a118d-modules-broccoli-dist-es6-module tar:///Users/bheaton/code/pixelhandler/ember-bucket/node_modules/broccoli-dist-es6-module
60 verbose lock tar:///Users/bheaton/code/pixelhandler/ember-bucket/node_modules/broccoli-dist-es6-module /Users/bheaton/.npm/af5a118d-modules-broccoli-dist-es6-module.lock
61 silly lockFile d2ba2855-ist-es6-module-0-1-8-package-tgz tar:///Users/bheaton/.npm/broccoli-dist-es6-module/0.1.8/package.tgz
62 verbose lock tar:///Users/bheaton/.npm/broccoli-dist-es6-module/0.1.8/package.tgz /Users/bheaton/.npm/d2ba2855-ist-es6-module-0-1-8-package-tgz.lock
63 silly gunzTarPerm modes [ '755', '644' ]
64 silly gunzTarPerm extractEntry package.json
65 silly gunzTarPerm extractEntry .npmignore
66 silly gunzTarPerm extractEntry README.md
67 silly gunzTarPerm extractEntry LICENSE
68 silly gunzTarPerm extractEntry index.js
69 silly gunzTarPerm extractEntry lib/global-transform.js
70 silly lockFile af5a118d-modules-broccoli-dist-es6-module tar:///Users/bheaton/code/pixelhandler/ember-bucket/node_modules/broccoli-dist-es6-module
71 silly lockFile af5a118d-modules-broccoli-dist-es6-module tar:///Users/bheaton/code/pixelhandler/ember-bucket/node_modules/broccoli-dist-es6-module
72 silly lockFile d2ba2855-ist-es6-module-0-1-8-package-tgz tar:///Users/bheaton/.npm/broccoli-dist-es6-module/0.1.8/package.tgz
73 silly lockFile d2ba2855-ist-es6-module-0-1-8-package-tgz tar:///Users/bheaton/.npm/broccoli-dist-es6-module/0.1.8/package.tgz
74 info preinstall broccoli-dist-es6-module@0.1.8
75 verbose readDependencies using package.json deps
76 verbose readDependencies using package.json deps
77 verbose cache add [ 'broccoli-static-compiler@^0.0.5', null ]
78 verbose cache add name=undefined spec="broccoli-static-compiler@^0.0.5" args=["broccoli-static-compiler@^0.0.5",null]
79 verbose parsed url { protocol: null,
79 verbose parsed url   slashes: null,
79 verbose parsed url   auth: null,
79 verbose parsed url   host: null,
79 verbose parsed url   port: null,
79 verbose parsed url   hostname: null,
79 verbose parsed url   hash: null,
79 verbose parsed url   search: null,
79 verbose parsed url   query: null,
79 verbose parsed url   pathname: 'broccoli-static-compiler@^0.0.5',
79 verbose parsed url   path: 'broccoli-static-compiler@^0.0.5',
79 verbose parsed url   href: 'broccoli-static-compiler@^0.0.5' }
80 verbose cache add name="broccoli-static-compiler" spec="^0.0.5" args=["broccoli-static-compiler","^0.0.5"]
81 verbose parsed url { protocol: null,
81 verbose parsed url   slashes: null,
81 verbose parsed url   auth: null,
81 verbose parsed url   host: null,
81 verbose parsed url   port: null,
81 verbose parsed url   hostname: null,
81 verbose parsed url   hash: null,
81 verbose parsed url   search: null,
81 verbose parsed url   query: null,
81 verbose parsed url   pathname: '^0.0.5',
81 verbose parsed url   path: '^0.0.5',
81 verbose parsed url   href: '^0.0.5' }
82 verbose addNamed [ 'broccoli-static-compiler', '^0.0.5' ]
83 verbose addNamed [ null, '=0.0.5' ]
84 silly lockFile 6fbeef6b-broccoli-static-compiler-0-0-5 broccoli-static-compiler@^0.0.5
85 verbose lock broccoli-static-compiler@^0.0.5 /Users/bheaton/.npm/6fbeef6b-broccoli-static-compiler-0-0-5.lock
86 verbose cache add [ 'broccoli-concat@git://github.com/rpflorence/broccoli-concat#broccoli-dep',
86 verbose cache add   null ]
87 verbose cache add name=undefined spec="broccoli-concat@git://github.com/rpflorence/broccoli-concat#broccoli-dep" args=["broccoli-concat@git://github.com/rpflorence/broccoli-concat#broccoli-dep",null]
88 verbose parsed url { protocol: null,
88 verbose parsed url   slashes: null,
88 verbose parsed url   auth: null,
88 verbose parsed url   host: null,
88 verbose parsed url   port: null,
88 verbose parsed url   hostname: null,
88 verbose parsed url   hash: '#broccoli-dep',
88 verbose parsed url   search: null,
88 verbose parsed url   query: null,
88 verbose parsed url   pathname: 'broccoli-concat@git://github.com/rpflorence/broccoli-concat',
88 verbose parsed url   path: 'broccoli-concat@git://github.com/rpflorence/broccoli-concat',
88 verbose parsed url   href: 'broccoli-concat@git://github.com/rpflorence/broccoli-concat#broccoli-dep' }
89 verbose cache add name="broccoli-concat" spec="git://github.com/rpflorence/broccoli-concat#broccoli-dep" args=["broccoli-concat","git://github.com/rpflorence/broccoli-concat#broccoli-dep"]
90 verbose parsed url { protocol: 'git:',
90 verbose parsed url   slashes: true,
90 verbose parsed url   auth: null,
90 verbose parsed url   host: 'github.com',
90 verbose parsed url   port: null,
90 verbose parsed url   hostname: 'github.com',
90 verbose parsed url   hash: '#broccoli-dep',
90 verbose parsed url   search: null,
90 verbose parsed url   query: null,
90 verbose parsed url   pathname: '/rpflorence/broccoli-concat',
90 verbose parsed url   path: '/rpflorence/broccoli-concat',
90 verbose parsed url   href: 'git://github.com/rpflorence/broccoli-concat#broccoli-dep' }
91 silly lockFile adbb02b6-b-com-rpflorence-broccoli-concat git://github.com/rpflorence/broccoli-concat
92 verbose lock git://github.com/rpflorence/broccoli-concat /Users/bheaton/.npm/adbb02b6-b-com-rpflorence-broccoli-concat.lock
93 verbose cache add [ 'extend@~1.2.1', null ]
94 verbose cache add name=undefined spec="extend@~1.2.1" args=["extend@~1.2.1",null]
95 verbose parsed url { protocol: null,
95 verbose parsed url   slashes: null,
95 verbose parsed url   auth: null,
95 verbose parsed url   host: null,
95 verbose parsed url   port: null,
95 verbose parsed url   hostname: null,
95 verbose parsed url   hash: null,
95 verbose parsed url   search: null,
95 verbose parsed url   query: null,
95 verbose parsed url   pathname: 'extend@~1.2.1',
95 verbose parsed url   path: 'extend@~1.2.1',
95 verbose parsed url   href: 'extend@~1.2.1' }
96 verbose cache add name="extend" spec="~1.2.1" args=["extend","~1.2.1"]
97 verbose parsed url { protocol: null,
97 verbose parsed url   slashes: null,
97 verbose parsed url   auth: null,
97 verbose parsed url   host: null,
97 verbose parsed url   port: null,
97 verbose parsed url   hostname: null,
97 verbose parsed url   hash: null,
97 verbose parsed url   search: null,
97 verbose parsed url   query: null,
97 verbose parsed url   pathname: '~1.2.1',
97 verbose parsed url   path: '~1.2.1',
97 verbose parsed url   href: '~1.2.1' }
98 verbose addNamed [ 'extend', '~1.2.1' ]
99 verbose addNamed [ null, '>=1.2.1-0 <1.3.0-0' ]
100 silly lockFile 46bf6376-extend-1-2-1 extend@~1.2.1
101 verbose lock extend@~1.2.1 /Users/bheaton/.npm/46bf6376-extend-1-2-1.lock
102 verbose cache add [ 'broccoli-es6-module-filter@^0.1.6', null ]
103 verbose cache add name=undefined spec="broccoli-es6-module-filter@^0.1.6" args=["broccoli-es6-module-filter@^0.1.6",null]
104 verbose parsed url { protocol: null,
104 verbose parsed url   slashes: null,
104 verbose parsed url   auth: null,
104 verbose parsed url   host: null,
104 verbose parsed url   port: null,
104 verbose parsed url   hostname: null,
104 verbose parsed url   hash: null,
104 verbose parsed url   search: null,
104 verbose parsed url   query: null,
104 verbose parsed url   pathname: 'broccoli-es6-module-filter@^0.1.6',
104 verbose parsed url   path: 'broccoli-es6-module-filter@^0.1.6',
104 verbose parsed url   href: 'broccoli-es6-module-filter@^0.1.6' }
105 verbose cache add name="broccoli-es6-module-filter" spec="^0.1.6" args=["broccoli-es6-module-filter","^0.1.6"]
106 verbose parsed url { protocol: null,
106 verbose parsed url   slashes: null,
106 verbose parsed url   auth: null,
106 verbose parsed url   host: null,
106 verbose parsed url   port: null,
106 verbose parsed url   hostname: null,
106 verbose parsed url   hash: null,
106 verbose parsed url   search: null,
106 verbose parsed url   query: null,
106 verbose parsed url   pathname: '^0.1.6',
106 verbose parsed url   path: '^0.1.6',
106 verbose parsed url   href: '^0.1.6' }
107 verbose addNamed [ 'broccoli-es6-module-filter', '^0.1.6' ]
108 verbose addNamed [ null, '>=0.1.6-0 <0.2.0-0' ]
109 silly lockFile 39afb292-broccoli-es6-module-filter-0-1-6 broccoli-es6-module-filter@^0.1.6
110 verbose lock broccoli-es6-module-filter@^0.1.6 /Users/bheaton/.npm/39afb292-broccoli-es6-module-filter-0-1-6.lock
111 silly addNameRange { name: 'broccoli-static-compiler',
111 silly addNameRange   range: '=0.0.5',
111 silly addNameRange   hasData: false }
112 verbose cache add [ 'broccoli-transform@^0.1.1', null ]
113 verbose cache add name=undefined spec="broccoli-transform@^0.1.1" args=["broccoli-transform@^0.1.1",null]
114 verbose parsed url { protocol: null,
114 verbose parsed url   slashes: null,
114 verbose parsed url   auth: null,
114 verbose parsed url   host: null,
114 verbose parsed url   port: null,
114 verbose parsed url   hostname: null,
114 verbose parsed url   hash: null,
114 verbose parsed url   search: null,
114 verbose parsed url   query: null,
114 verbose parsed url   pathname: 'broccoli-transform@^0.1.1',
114 verbose parsed url   path: 'broccoli-transform@^0.1.1',
114 verbose parsed url   href: 'broccoli-transform@^0.1.1' }
115 verbose cache add name="broccoli-transform" spec="^0.1.1" args=["broccoli-transform","^0.1.1"]
116 verbose parsed url { protocol: null,
116 verbose parsed url   slashes: null,
116 verbose parsed url   auth: null,
116 verbose parsed url   host: null,
116 verbose parsed url   port: null,
116 verbose parsed url   hostname: null,
116 verbose parsed url   hash: null,
116 verbose parsed url   search: null,
116 verbose parsed url   query: null,
116 verbose parsed url   pathname: '^0.1.1',
116 verbose parsed url   path: '^0.1.1',
116 verbose parsed url   href: '^0.1.1' }
117 verbose addNamed [ 'broccoli-transform', '^0.1.1' ]
118 verbose addNamed [ null, '>=0.1.1-0 <0.2.0-0' ]
119 silly lockFile 6f79eaa1-broccoli-transform-0-1-1 broccoli-transform@^0.1.1
120 verbose lock broccoli-transform@^0.1.1 /Users/bheaton/.npm/6f79eaa1-broccoli-transform-0-1-1.lock
121 verbose addRemoteGit [ 'git://github.com/rpflorence/broccoli-concat',
121 verbose addRemoteGit   'broccoli-dep' ]
122 silly addNameRange { name: 'extend', range: '>=1.2.1-0 <1.3.0-0', hasData: false }
123 verbose cache add [ 'browserify@^3.31.2', null ]
124 verbose cache add name=undefined spec="browserify@^3.31.2" args=["browserify@^3.31.2",null]
125 verbose parsed url { protocol: null,
125 verbose parsed url   slashes: null,
125 verbose parsed url   auth: null,
125 verbose parsed url   host: null,
125 verbose parsed url   port: null,
125 verbose parsed url   hostname: null,
125 verbose parsed url   hash: null,
125 verbose parsed url   search: null,
125 verbose parsed url   query: null,
125 verbose parsed url   pathname: 'browserify@^3.31.2',
125 verbose parsed url   path: 'browserify@^3.31.2',
125 verbose parsed url   href: 'browserify@^3.31.2' }
126 verbose cache add name="browserify" spec="^3.31.2" args=["browserify","^3.31.2"]
127 verbose parsed url { protocol: null,
127 verbose parsed url   slashes: null,
127 verbose parsed url   auth: null,
127 verbose parsed url   host: null,
127 verbose parsed url   port: null,
127 verbose parsed url   hostname: null,
127 verbose parsed url   hash: null,
127 verbose parsed url   search: null,
127 verbose parsed url   query: null,
127 verbose parsed url   pathname: '^3.31.2',
127 verbose parsed url   path: '^3.31.2',
127 verbose parsed url   href: '^3.31.2' }
128 verbose addNamed [ 'browserify', '^3.31.2' ]
129 verbose addNamed [ null, '>=3.31.2-0 <4.0.0-0' ]
130 silly lockFile 83530be1-browserify-3-31-2 browserify@^3.31.2
131 verbose lock browserify@^3.31.2 /Users/bheaton/.npm/83530be1-browserify-3-31-2.lock
132 verbose cache add [ 'rsvp@^3.0.6', null ]
133 verbose cache add name=undefined spec="rsvp@^3.0.6" args=["rsvp@^3.0.6",null]
134 verbose parsed url { protocol: null,
134 verbose parsed url   slashes: null,
134 verbose parsed url   auth: null,
134 verbose parsed url   host: null,
134 verbose parsed url   port: null,
134 verbose parsed url   hostname: null,
134 verbose parsed url   hash: null,
134 verbose parsed url   search: null,
134 verbose parsed url   query: null,
134 verbose parsed url   pathname: 'rsvp@^3.0.6',
134 verbose parsed url   path: 'rsvp@^3.0.6',
134 verbose parsed url   href: 'rsvp@^3.0.6' }
135 verbose cache add name="rsvp" spec="^3.0.6" args=["rsvp","^3.0.6"]
136 verbose parsed url { protocol: null,
136 verbose parsed url   slashes: null,
136 verbose parsed url   auth: null,
136 verbose parsed url   host: null,
136 verbose parsed url   port: null,
136 verbose parsed url   hostname: null,
136 verbose parsed url   hash: null,
136 verbose parsed url   search: null,
136 verbose parsed url   query: null,
136 verbose parsed url   pathname: '^3.0.6',
136 verbose parsed url   path: '^3.0.6',
136 verbose parsed url   href: '^3.0.6' }
137 verbose addNamed [ 'rsvp', '^3.0.6' ]
138 verbose addNamed [ null, '>=3.0.6-0 <4.0.0-0' ]
139 silly lockFile 98b558fa-rsvp-3-0-6 rsvp@^3.0.6
140 verbose lock rsvp@^3.0.6 /Users/bheaton/.npm/98b558fa-rsvp-3-0-6.lock
141 silly addNameRange { name: 'broccoli-es6-module-filter',
141 silly addNameRange   range: '>=0.1.6-0 <0.2.0-0',
141 silly addNameRange   hasData: false }
142 verbose cache add [ 'through@^2.3.4', null ]
143 verbose cache add name=undefined spec="through@^2.3.4" args=["through@^2.3.4",null]
144 verbose parsed url { protocol: null,
144 verbose parsed url   slashes: null,
144 verbose parsed url   auth: null,
144 verbose parsed url   host: null,
144 verbose parsed url   port: null,
144 verbose parsed url   hostname: null,
144 verbose parsed url   hash: null,
144 verbose parsed url   search: null,
144 verbose parsed url   query: null,
144 verbose parsed url   pathname: 'through@^2.3.4',
144 verbose parsed url   path: 'through@^2.3.4',
144 verbose parsed url   href: 'through@^2.3.4' }
145 verbose cache add name="through" spec="^2.3.4" args=["through","^2.3.4"]
146 verbose parsed url { protocol: null,
146 verbose parsed url   slashes: null,
146 verbose parsed url   auth: null,
146 verbose parsed url   host: null,
146 verbose parsed url   port: null,
146 verbose parsed url   hostname: null,
146 verbose parsed url   hash: null,
146 verbose parsed url   search: null,
146 verbose parsed url   query: null,
146 verbose parsed url   pathname: '^2.3.4',
146 verbose parsed url   path: '^2.3.4',
146 verbose parsed url   href: '^2.3.4' }
147 verbose addNamed [ 'through', '^2.3.4' ]
148 verbose addNamed [ null, '>=2.3.4-0 <3.0.0-0' ]
149 silly lockFile 4a17867e-through-2-3-4 through@^2.3.4
150 verbose lock through@^2.3.4 /Users/bheaton/.npm/4a17867e-through-2-3-4.lock
151 silly addNameRange { name: 'broccoli-transform',
151 silly addNameRange   range: '>=0.1.1-0 <0.2.0-0',
151 silly addNameRange   hasData: false }
152 silly addNameRange { name: 'browserify',
152 silly addNameRange   range: '>=3.31.2-0 <4.0.0-0',
152 silly addNameRange   hasData: false }
153 silly addNameRange { name: 'rsvp', range: '>=3.0.6-0 <4.0.0-0', hasData: false }
154 silly addNameRange { name: 'through', range: '>=2.3.4-0 <3.0.0-0', hasData: false }
155 verbose url raw broccoli-static-compiler
156 verbose url resolving [ 'https://registry.npmjs.org/', './broccoli-static-compiler' ]
157 verbose url resolved https://registry.npmjs.org/broccoli-static-compiler
158 info trying registry request attempt 1 at 22:15:27
159 verbose etag "18H7V1LDJQXU7D33KN7H7TATU"
160 http GET https://registry.npmjs.org/broccoli-static-compiler
161 verbose git remote.origin.url git://github.com/rpflorence/broccoli-concat
162 verbose url raw broccoli-es6-module-filter
163 verbose url resolving [ 'https://registry.npmjs.org/',
163 verbose url resolving   './broccoli-es6-module-filter' ]
164 verbose url resolved https://registry.npmjs.org/broccoli-es6-module-filter
165 info trying registry request attempt 1 at 22:15:27
166 verbose etag "AC0S9IBG34F7NF0U3M36TFJMM"
167 http GET https://registry.npmjs.org/broccoli-es6-module-filter
168 verbose url raw broccoli-transform
169 verbose url resolving [ 'https://registry.npmjs.org/', './broccoli-transform' ]
170 verbose url resolved https://registry.npmjs.org/broccoli-transform
171 info trying registry request attempt 1 at 22:15:27
172 verbose etag "1LP18QLE5JUPHIOVSSTXBCW9V"
173 http GET https://registry.npmjs.org/broccoli-transform
174 verbose url raw extend
175 verbose url resolving [ 'https://registry.npmjs.org/', './extend' ]
176 verbose url resolved https://registry.npmjs.org/extend
177 info trying registry request attempt 1 at 22:15:27
178 verbose etag "9FW2TNZ7WMHOMXG5JAA3Y8DV2"
179 http GET https://registry.npmjs.org/extend
180 verbose url raw rsvp
181 verbose url resolving [ 'https://registry.npmjs.org/', './rsvp' ]
182 verbose url resolved https://registry.npmjs.org/rsvp
183 info trying registry request attempt 1 at 22:15:27
184 verbose etag "4X77TFXWRXZ9906C5DVSRTHBU"
185 http GET https://registry.npmjs.org/rsvp
186 verbose url raw through
187 verbose url resolving [ 'https://registry.npmjs.org/', './through' ]
188 verbose url resolved https://registry.npmjs.org/through
189 info trying registry request attempt 1 at 22:15:27
190 verbose etag "CRADI8RBWTNQ0DM6MO8NN3YR5"
191 http GET https://registry.npmjs.org/through
192 http 304 https://registry.npmjs.org/rsvp
193 silly registry.get cb [ 304,
193 silly registry.get   { date: 'Mon, 19 May 2014 05:15:28 GMT',
193 silly registry.get     server: 'Apache',
193 silly registry.get     via: '1.1 varnish',
193 silly registry.get     'last-modified': 'Mon, 19 May 2014 05:15:28 GMT',
193 silly registry.get     'cache-control': 'max-age=1',
193 silly registry.get     etag: '"4X77TFXWRXZ9906C5DVSRTHBU"',
193 silly registry.get     'x-served-by': 'cache-lax1431-LAX',
193 silly registry.get     'x-cache': 'HIT',
193 silly registry.get     'x-cache-hits': '1',
193 silly registry.get     'x-timer': 'S1400476528.001811504,VS0,VE72',
193 silly registry.get     vary: 'Accept',
193 silly registry.get     'content-length': '0',
193 silly registry.get     'keep-alive': 'timeout=10, max=50',
193 silly registry.get     connection: 'Keep-Alive' } ]
194 verbose etag rsvp from cache
195 silly addNameRange number 2 { name: 'rsvp', range: '>=3.0.6-0 <4.0.0-0', hasData: true }
196 silly addNameRange versions [ 'rsvp',
196 silly addNameRange   [ '1.0.0',
196 silly addNameRange     '1.1.0',
196 silly addNameRange     '1.1.1',
196 silly addNameRange     '1.2.0',
196 silly addNameRange     '2.0.0',
196 silly addNameRange     '2.0.1',
196 silly addNameRange     '2.0.2',
196 silly addNameRange     '2.0.3',
196 silly addNameRange     '2.0.4',
196 silly addNameRange     '3.0.0',
196 silly addNameRange     '3.0.1',
196 silly addNameRange     '3.0.2',
196 silly addNameRange     '3.0.3',
196 silly addNameRange     '3.0.4',
196 silly addNameRange     '3.0.6' ] ]
197 verbose addNamed [ 'rsvp', '3.0.6' ]
198 verbose addNamed [ '3.0.6', '3.0.6' ]
199 silly lockFile e05bfadd-rsvp-3-0-6 rsvp@3.0.6
200 verbose lock rsvp@3.0.6 /Users/bheaton/.npm/e05bfadd-rsvp-3-0-6.lock
201 silly lockFile e05bfadd-rsvp-3-0-6 rsvp@3.0.6
202 silly lockFile e05bfadd-rsvp-3-0-6 rsvp@3.0.6
203 silly lockFile 98b558fa-rsvp-3-0-6 rsvp@^3.0.6
204 silly lockFile 98b558fa-rsvp-3-0-6 rsvp@^3.0.6
205 http 304 https://registry.npmjs.org/through
206 silly registry.get cb [ 304,
206 silly registry.get   { date: 'Mon, 19 May 2014 05:15:28 GMT',
206 silly registry.get     server: 'Apache',
206 silly registry.get     via: '1.1 varnish',
206 silly registry.get     'last-modified': 'Mon, 19 May 2014 05:15:28 GMT',
206 silly registry.get     'cache-control': 'max-age=1',
206 silly registry.get     etag: '"CRADI8RBWTNQ0DM6MO8NN3YR5"',
206 silly registry.get     'x-served-by': 'cache-lax1431-LAX',
206 silly registry.get     'x-cache': 'HIT',
206 silly registry.get     'x-cache-hits': '1',
206 silly registry.get     'x-timer': 'S1400476528.091031313,VS0,VE0',
206 silly registry.get     vary: 'Accept',
206 silly registry.get     'content-length': '0',
206 silly registry.get     'keep-alive': 'timeout=10, max=49',
206 silly registry.get     connection: 'Keep-Alive' } ]
207 verbose etag through from cache
208 silly addNameRange number 2 { name: 'through', range: '>=2.3.4-0 <3.0.0-0', hasData: true }
209 silly addNameRange versions [ 'through',
209 silly addNameRange   [ '0.0.1',
209 silly addNameRange     '0.0.2',
209 silly addNameRange     '0.0.3',
209 silly addNameRange     '0.0.4',
209 silly addNameRange     '0.1.0',
209 silly addNameRange     '0.1.1',
209 silly addNameRange     '0.1.2',
209 silly addNameRange     '0.1.3',
209 silly addNameRange     '0.1.4',
209 silly addNameRange     '1.0.0',
209 silly addNameRange     '1.1.0',
209 silly addNameRange     '1.1.1',
209 silly addNameRange     '1.1.2',
209 silly addNameRange     '2.0.0',
209 silly addNameRange     '2.1.0',
209 silly addNameRange     '2.2.0',
209 silly addNameRange     '2.2.1',
209 silly addNameRange     '2.2.2',
209 silly addNameRange     '2.2.4',
209 silly addNameRange     '2.2.5',
209 silly addNameRange     '2.2.6',
209 silly addNameRange     '2.2.7',
209 silly addNameRange     '2.3.1',
209 silly addNameRange     '2.3.2',
209 silly addNameRange     '2.3.3',
209 silly addNameRange     '2.3.4' ] ]
210 verbose addNamed [ 'through', '2.3.4' ]
211 verbose addNamed [ '2.3.4', '2.3.4' ]
212 silly lockFile 9b29f59f-through-2-3-4 through@2.3.4
213 verbose lock through@2.3.4 /Users/bheaton/.npm/9b29f59f-through-2-3-4.lock
214 silly lockFile 9b29f59f-through-2-3-4 through@2.3.4
215 silly lockFile 9b29f59f-through-2-3-4 through@2.3.4
216 silly lockFile 4a17867e-through-2-3-4 through@^2.3.4
217 silly lockFile 4a17867e-through-2-3-4 through@^2.3.4
218 verbose url raw browserify
219 verbose url resolving [ 'https://registry.npmjs.org/', './browserify' ]
220 verbose url resolved https://registry.npmjs.org/browserify
221 info trying registry request attempt 1 at 22:15:28
222 verbose etag "2SV1WNU15TRO6JR6G1AJGE1NX"
223 http GET https://registry.npmjs.org/browserify
224 http 304 https://registry.npmjs.org/broccoli-static-compiler
225 silly registry.get cb [ 304,
225 silly registry.get   { date: 'Mon, 19 May 2014 05:15:27 GMT',
225 silly registry.get     server: 'Apache',
225 silly registry.get     via: '1.1 varnish',
225 silly registry.get     'last-modified': 'Mon, 19 May 2014 05:15:28 GMT',
225 silly registry.get     'cache-control': 'max-age=1',
225 silly registry.get     etag: '"18H7V1LDJQXU7D33KN7H7TATU"',
225 silly registry.get     'x-served-by': 'cache-lax1427-LAX',
225 silly registry.get     'x-cache': 'MISS',
225 silly registry.get     'x-cache-hits': '0',
225 silly registry.get     'x-timer': 'S1400476527.980144501,VS0,VE144',
225 silly registry.get     vary: 'Accept',
225 silly registry.get     'content-length': '0',
225 silly registry.get     'keep-alive': 'timeout=10, max=50',
225 silly registry.get     connection: 'Keep-Alive' } ]
226 verbose etag broccoli-static-compiler from cache
227 silly addNameRange number 2 { name: 'broccoli-static-compiler',
227 silly addNameRange   range: '=0.0.5',
227 silly addNameRange   hasData: true }
228 silly addNameRange versions [ 'broccoli-static-compiler', [ '0.1.4' ] ]
229 silly lockFile 6fbeef6b-broccoli-static-compiler-0-0-5 broccoli-static-compiler@^0.0.5
230 silly lockFile 6fbeef6b-broccoli-static-compiler-0-0-5 broccoli-static-compiler@^0.0.5
231 verbose about to build /Users/bheaton/code/pixelhandler/ember-bucket/node_modules/broccoli-dist-es6-module
232 info /Users/bheaton/code/pixelhandler/ember-bucket/node_modules/broccoli-dist-es6-module unbuild
233 info preuninstall broccoli-dist-es6-module@0.1.8
234 info uninstall broccoli-dist-es6-module@0.1.8
235 verbose true,/Users/bheaton/code/pixelhandler/ember-bucket/node_modules,/Users/bheaton/code/pixelhandler/ember-bucket/node_modules unbuild broccoli-dist-es6-module@0.1.8
236 info postuninstall broccoli-dist-es6-module@0.1.8
237 error notarget No compatible version found: broccoli-static-compiler@'=0.0.5'
237 error notarget Valid install targets:
237 error notarget ["0.1.4"]
237 error notarget
237 error notarget This is most likely not a problem with npm itself.
237 error notarget In most cases you or one of your dependencies are requesting
237 error notarget a package version that doesn't exist.
238 error System Darwin 13.1.0
239 error command "node" "/usr/local/bin/npm" "install"
240 error cwd /Users/bheaton/code/pixelhandler/ember-bucket
241 error node -v v0.10.26
242 error npm -v 1.4.7
243 error code ETARGET
244 verbose exit [ 1, true ]
